  [1m[35m (674.7ms)[0m  [1m[35mCREATE DATABASE "my_todo_development" ENCODING = 'unicode'[0m
  ↳ bin/rails:9
  [1m[35m (124.3ms)[0m  [1m[35mCREATE DATABASE "my_todo_test" ENCODING = 'unicode'[0m
  ↳ bin/rails:9
  [1m[35m (112.3ms)[0m  [1m[35mCREATE TABLE "schema_migrations" ("version" character varying NOT NULL PRIMARY KEY)[0m
  ↳ bin/rails:9
  [1m[35m (4.4ms)[0m  [1m[35mCREATE TABLE "ar_internal_metadata" ("key" character varying NOT NULL PRIMARY KEY, "value" character varying, "created_at" timestamp NOT NULL, "updated_at" timestamp NOT NULL)[0m
  ↳ bin/rails:9
  [1m[35m (2.7ms)[0m  [1m[34mSELECT pg_try_advisory_lock(4409325575419504635)[0m
  ↳ bin/rails:9
  [1m[35m (0.6ms)[0m  [1m[34mSELECT "schema_migrations"."version" FROM "schema_migrations" ORDER BY "schema_migrations"."version" ASC[0m
  ↳ bin/rails:9
Migrating to CreateTodos (20200809211714)
  [1m[35m (0.7ms)[0m  [1m[35mBEGIN[0m
  ↳ bin/rails:9
  [1m[35m (31.7ms)[0m  [1m[35mCREATE TABLE "todos" ("id" bigserial primary key, "title" character varying NOT NULL, "body" character varying NOT NULL, "done" boolean NOT NULL, "created_at" timestamp NOT NULL, "updated_at" timestamp NOT NULL)[0m
  ↳ db/migrate/20200809211714_create_todos.rb:3
  [1m[36mActiveRecord::SchemaMigration Create (17.5ms)[0m  [1m[32mINSERT INTO "schema_migrations" ("version") VALUES ($1) RETURNING "version"[0m  [["version", "20200809211714"]]
  ↳ bin/rails:9
  [1m[35m (0.4ms)[0m  [1m[35mCOMMIT[0m
  ↳ bin/rails:9
  [1m[36mActiveRecord::InternalMetadata Load (0.6ms)[0m  [1m[34mSELECT  "ar_internal_metadata".* FROM "ar_internal_metadata" WHERE "ar_internal_metadata"."key" = $1 LIMIT $2[0m  [["key", "environment"], ["LIMIT", 1]]
  ↳ bin/rails:9
  [1m[35m (0.1ms)[0m  [1m[35mBEGIN[0m
  ↳ bin/rails:9
  [1m[36mActiveRecord::InternalMetadata Create (1.7ms)[0m  [1m[32mINSERT INTO "ar_internal_metadata" ("key", "value", "created_at", "updated_at") VALUES ($1, $2, $3, $4) RETURNING "key"[0m  [["key", "environment"], ["value", "development"], ["created_at", "2020-08-09 21:18:29.996344"], ["updated_at", "2020-08-09 21:18:29.996344"]]
  ↳ bin/rails:9
  [1m[35m (0.3ms)[0m  [1m[35mCOMMIT[0m
  ↳ bin/rails:9
  [1m[35m (0.2ms)[0m  [1m[34mSELECT pg_advisory_unlock(4409325575419504635)[0m
  ↳ bin/rails:9
  [1m[35m (0.4ms)[0m  [1m[34mSELECT "schema_migrations"."version" FROM "schema_migrations" ORDER BY "schema_migrations"."version" ASC[0m
  ↳ bin/rails:9
  [1m[35m (0.2ms)[0m  [1m[35mBEGIN[0m
  [1m[35m (18.9ms)[0m  [1m[31mROLLBACK[0m
  [1m[35m (0.2ms)[0m  [1m[35mBEGIN[0m
  [1m[35m (0.3ms)[0m  [1m[31mROLLBACK[0m
  [1m[35m (0.2ms)[0m  [1m[35mBEGIN[0m
  [1m[35m (0.3ms)[0m  [1m[31mROLLBACK[0m
  [1m[35m (0.3ms)[0m  [1m[35mBEGIN[0m
  [1m[36mTodo Create (2.5ms)[0m  [1m[32mINSERT INTO "todos" ("title", "body", "done", "created_at", "updated_at") VALUES ($1, $2, $3, $4, $5) RETURNING "id"[0m  [["title", "watch anime"], ["body", "i wish i could do this more"], ["done", false], ["created_at", "2020-08-09 21:30:06.073148"], ["updated_at", "2020-08-09 21:30:06.073148"]]
  [1m[35m (1.1ms)[0m  [1m[35mCOMMIT[0m
  [1m[36mTodo Load (0.9ms)[0m  [1m[34mSELECT "todos".* FROM "todos"[0m
  [1m[35m (0.8ms)[0m  [1m[34mSELECT "schema_migrations"."version" FROM "schema_migrations" ORDER BY "schema_migrations"."version" ASC[0m
  ↳ bin/rails:9
  [1m[35m (0.3ms)[0m  [1m[35mBEGIN[0m
  ↳ db/seeds.rb:9
  [1m[36mTodo Create (0.6ms)[0m  [1m[32mINSERT INTO "todos" ("title", "body", "done", "created_at", "updated_at") VALUES ($1, $2, $3, $4, $5) RETURNING "id"[0m  [["title", "do hw"], ["body", "lots of stuff"], ["done", false], ["created_at", "2020-08-09 21:51:18.759237"], ["updated_at", "2020-08-09 21:51:18.759237"]]
  ↳ db/seeds.rb:9
  [1m[35m (1.2ms)[0m  [1m[35mCOMMIT[0m
  ↳ db/seeds.rb:9
  [1m[35m (0.1ms)[0m  [1m[35mBEGIN[0m
  ↳ db/seeds.rb:10
  [1m[36mTodo Create (0.3ms)[0m  [1m[32mINSERT INTO "todos" ("title", "body", "done", "created_at", "updated_at") VALUES ($1, $2, $3, $4, $5) RETURNING "id"[0m  [["title", "eat dinner"], ["body", "with jim"], ["done", false], ["created_at", "2020-08-09 21:51:18.762898"], ["updated_at", "2020-08-09 21:51:18.762898"]]
  ↳ db/seeds.rb:10
  [1m[35m (0.4ms)[0m  [1m[35mCOMMIT[0m
  ↳ db/seeds.rb:10
  [1m[35m (0.1ms)[0m  [1m[35mBEGIN[0m
  ↳ db/seeds.rb:11
  [1m[36mTodo Create (0.3ms)[0m  [1m[32mINSERT INTO "todos" ("title", "body", "done", "created_at", "updated_at") VALUES ($1, $2, $3, $4, $5) RETURNING "id"[0m  [["title", "start todos project"], ["body", "oooo its so long"], ["done", true], ["created_at", "2020-08-09 21:51:18.765684"], ["updated_at", "2020-08-09 21:51:18.765684"]]
  ↳ db/seeds.rb:11
  [1m[35m (0.3ms)[0m  [1m[35mCOMMIT[0m
  ↳ db/seeds.rb:11
  [1m[35m (0.1ms)[0m  [1m[35mBEGIN[0m
  ↳ db/seeds.rb:12
  [1m[36mTodo Create (0.2ms)[0m  [1m[32mINSERT INTO "todos" ("title", "body", "done", "created_at", "updated_at") VALUES ($1, $2, $3, $4, $5) RETURNING "id"[0m  [["title", "go to sleep early"], ["body", "not gonna happen"], ["done", false], ["created_at", "2020-08-09 21:51:18.767982"], ["updated_at", "2020-08-09 21:51:18.767982"]]
  ↳ db/seeds.rb:12
  [1m[35m (0.4ms)[0m  [1m[35mCOMMIT[0m
  ↳ db/seeds.rb:12
  [1m[35m (0.1ms)[0m  [1m[35mBEGIN[0m
  ↳ db/seeds.rb:13
  [1m[36mTodo Create (0.3ms)[0m  [1m[32mINSERT INTO "todos" ("title", "body", "done", "created_at", "updated_at") VALUES ($1, $2, $3, $4, $5) RETURNING "id"[0m  [["title", "get mcdonalds"], ["body", "NUGGIES"], ["done", false], ["created_at", "2020-08-09 21:51:18.770112"], ["updated_at", "2020-08-09 21:51:18.770112"]]
  ↳ db/seeds.rb:13
  [1m[35m (0.3ms)[0m  [1m[35mCOMMIT[0m
  ↳ db/seeds.rb:13
  [1m[35m (0.1ms)[0m  [1m[35mBEGIN[0m
  ↳ db/seeds.rb:14
  [1m[36mTodo Create (0.2ms)[0m  [1m[32mINSERT INTO "todos" ("title", "body", "done", "created_at", "updated_at") VALUES ($1, $2, $3, $4, $5) RETURNING "id"[0m  [["title", "listen to red velvet"], ["body", "red velvet is love, red velvet is life"], ["done", false], ["created_at", "2020-08-09 21:51:18.772330"], ["updated_at", "2020-08-09 21:51:18.772330"]]
  ↳ db/seeds.rb:14
  [1m[35m (0.3ms)[0m  [1m[35mCOMMIT[0m
  ↳ db/seeds.rb:14
  [1m[35m (0.1ms)[0m  [1m[35mBEGIN[0m
  ↳ db/seeds.rb:15
  [1m[36mTodo Create (0.2ms)[0m  [1m[32mINSERT INTO "todos" ("title", "body", "done", "created_at", "updated_at") VALUES ($1, $2, $3, $4, $5) RETURNING "id"[0m  [["title", "watch anime"], ["body", "watch vinland saga"], ["done", false], ["created_at", "2020-08-09 21:51:18.774059"], ["updated_at", "2020-08-09 21:51:18.774059"]]
  ↳ db/seeds.rb:15
  [1m[35m (0.4ms)[0m  [1m[35mCOMMIT[0m
  ↳ db/seeds.rb:15
Started GET "/" for ::1 at 2020-08-09 14:52:06 -0700
  [1m[35m (1.0ms)[0m  [1m[34mSELECT "schema_migrations"."version" FROM "schema_migrations" ORDER BY "schema_migrations"."version" ASC[0m
  ↳ /Users/anyahirota/.rbenv/versions/2.5.1/lib/ruby/gems/2.5.0/gems/activerecord-5.2.4.3/lib/active_record/log_subscriber.rb:98
Processing by StaticPagesController#root as HTML
Completed 500 Internal Server Error in 41ms (ActiveRecord: 0.0ms)



ActionView::MissingTemplate - Missing template static_pages/root, application/root with {:locale=>[:en], :formats=>[:html], :variants=>[], :handlers=>[:raw, :erb, :html, :builder, :ruby, :coffee, :jbuilder]}. Searched in:
  * "/Users/anyahirota/Desktop/wkend_todo/my_todo/app/views"
:
  app/controllers/static_pages_controller.rb:4:in `root'

Started POST "/__better_errors/3b22f43838931a31/variables" for ::1 at 2020-08-09 14:52:07 -0700
Started GET "/" for ::1 at 2020-08-09 14:53:52 -0700
Processing by StaticPagesController#root as HTML
  Rendering static_pages/root.html.erb within layouts/application
  Rendered static_pages/root.html.erb within layouts/application (32.5ms)
Completed 200 OK in 1116ms (Views: 1115.2ms | ActiveRecord: 0.0ms)


Started GET "/bundle.js" for ::1 at 2020-08-09 14:53:53 -0700
  
ActionController::RoutingError (No route matches [GET] "/bundle.js"):
  
actionpack (5.2.4.3) lib/action_dispatch/middleware/debug_exceptions.rb:65:in `call'
web-console (3.7.0) lib/web_console/middleware.rb:135:in `call_app'
web-console (3.7.0) lib/web_console/middleware.rb:30:in `block in call'
web-console (3.7.0) lib/web_console/middleware.rb:20:in `catch'
web-console (3.7.0) lib/web_console/middleware.rb:20:in `call'
actionpack (5.2.4.3) lib/action_dispatch/middleware/show_exceptions.rb:33:in `call'
railties (5.2.4.3) lib/rails/rack/logger.rb:38:in `call_app'
railties (5.2.4.3) lib/rails/rack/logger.rb:26:in `block in call'
activesupport (5.2.4.3) lib/active_support/tagged_logging.rb:71:in `block in tagged'
activesupport (5.2.4.3) lib/active_support/tagged_logging.rb:28:in `tagged'
activesupport (5.2.4.3) lib/active_support/tagged_logging.rb:71:in `tagged'
railties (5.2.4.3) lib/rails/rack/logger.rb:26:in `call'
sprockets-rails (3.2.1) lib/sprockets/rails/quiet_assets.rb:13:in `call'
actionpack (5.2.4.3) lib/action_dispatch/middleware/remote_ip.rb:81:in `call'
actionpack (5.2.4.3) lib/action_dispatch/middleware/request_id.rb:27:in `call'
rack (2.2.3) lib/rack/method_override.rb:24:in `call'
rack (2.2.3) lib/rack/runtime.rb:22:in `call'
activesupport (5.2.4.3) lib/active_support/cache/strategy/local_cache_middleware.rb:29:in `call'
actionpack (5.2.4.3) lib/action_dispatch/middleware/executor.rb:14:in `call'
actionpack (5.2.4.3) lib/action_dispatch/middleware/static.rb:127:in `call'
rack (2.2.3) lib/rack/sendfile.rb:110:in `call'
railties (5.2.4.3) lib/rails/engine.rb:524:in `call'
puma (3.12.6) lib/puma/configuration.rb:227:in `call'
puma (3.12.6) lib/puma/server.rb:706:in `handle_request'
puma (3.12.6) lib/puma/server.rb:476:in `process_client'
puma (3.12.6) lib/puma/server.rb:334:in `block in run'
puma (3.12.6) lib/puma/thread_pool.rb:135:in `block in spawn_thread'
Started GET "/" for ::1 at 2020-08-09 14:56:24 -0700
Processing by StaticPagesController#root as HTML
  Rendering static_pages/root.html.erb within layouts/application
  Rendered static_pages/root.html.erb within layouts/application (0.3ms)
Completed 200 OK in 184ms (Views: 183.7ms | ActiveRecord: 0.0ms)


Started GET "/api/todos" for ::1 at 2020-08-09 14:56:41 -0700

ActionController::RoutingError - uninitialized constant Api::TodosController:

Started GET "/api/todos" for ::1 at 2020-08-09 14:59:43 -0700
Processing by Api::TodosController#index as JSON
  [1m[36mTodo Load (2.1ms)[0m  [1m[34mSELECT "todos".* FROM "todos"[0m
  ↳ app/controllers/api/todos_controller.rb:16
Completed 200 OK in 32ms (Views: 10.9ms | ActiveRecord: 15.9ms)


Started GET "/api/todos/3" for ::1 at 2020-08-09 15:01:28 -0700
Processing by Api::TodosController#show as JSON
  Parameters: {"id"=>"3"}
  [1m[36mTodo Load (0.6ms)[0m  [1m[34mSELECT  "todos".* FROM "todos" WHERE "todos"."id" = $1 LIMIT $2[0m  [["id", 3], ["LIMIT", 1]]
  ↳ app/controllers/api/todos_controller.rb:3
Completed 200 OK in 43ms (Views: 0.5ms | ActiveRecord: 9.3ms)


Started DELETE "/api/todos/3" for ::1 at 2020-08-09 15:02:38 -0700
Processing by Api::TodosController#destroy as JSON
  Parameters: {"id"=>"3"}
  [1m[36mTodo Load (0.5ms)[0m  [1m[34mSELECT  "todos".* FROM "todos" WHERE "todos"."id" = $1 LIMIT $2[0m  [["id", 3], ["LIMIT", 1]]
  ↳ app/controllers/api/todos_controller.rb:29
  [1m[35m (0.4ms)[0m  [1m[35mBEGIN[0m
  ↳ app/controllers/api/todos_controller.rb:30
  [1m[36mTodo Destroy (2.2ms)[0m  [1m[31mDELETE FROM "todos" WHERE "todos"."id" = $1[0m  [["id", 3]]
  ↳ app/controllers/api/todos_controller.rb:30
  [1m[35m (5.1ms)[0m  [1m[35mCOMMIT[0m
  ↳ app/controllers/api/todos_controller.rb:30
  [1m[36mTodo Load (0.3ms)[0m  [1m[34mSELECT "todos".* FROM "todos"[0m
  ↳ app/controllers/api/todos_controller.rb:31
Completed 200 OK in 62ms (Views: 5.2ms | ActiveRecord: 15.7ms)


Started PATCH "/api/todos/1" for ::1 at 2020-08-09 15:04:53 -0700
Processing by Api::TodosController#update as JSON
  Parameters: {"body"=>"not enough time", "id"=>"1"}
  [1m[36mTodo Load (0.4ms)[0m  [1m[34mSELECT  "todos".* FROM "todos" WHERE "todos"."id" = $1 LIMIT $2[0m  [["id", 1], ["LIMIT", 1]]
  ↳ app/controllers/api/todos_controller.rb:20
Completed 400 Bad Request in 28ms (ActiveRecord: 8.9ms)



ActionController::ParameterMissing - param is missing or the value is empty: todo:
  app/controllers/api/todos_controller.rb:37:in `todo_params'
  app/controllers/api/todos_controller.rb:21:in `update'

Started PATCH "/api/todos/1" for ::1 at 2020-08-09 15:06:22 -0700
Processing by Api::TodosController#update as JSON
  Parameters: {"todo"=>{"title"=>"watch anime", "body"=>"not enough time", "done"=>"false"}, "id"=>"1"}
  [1m[36mTodo Load (0.3ms)[0m  [1m[34mSELECT  "todos".* FROM "todos" WHERE "todos"."id" = $1 LIMIT $2[0m  [["id", 1], ["LIMIT", 1]]
  ↳ app/controllers/api/todos_controller.rb:20
  [1m[35m (0.1ms)[0m  [1m[35mBEGIN[0m
  ↳ app/controllers/api/todos_controller.rb:21
  [1m[36mTodo Update (9.0ms)[0m  [1m[33mUPDATE "todos" SET "body" = $1, "updated_at" = $2 WHERE "todos"."id" = $3[0m  [["body", "not enough time"], ["updated_at", "2020-08-09 22:06:22.268016"], ["id", 1]]
  ↳ app/controllers/api/todos_controller.rb:21
  [1m[35m (0.5ms)[0m  [1m[35mCOMMIT[0m
  ↳ app/controllers/api/todos_controller.rb:21
Completed 200 OK in 78ms (Views: 0.4ms | ActiveRecord: 32.9ms)


Started POST "/api/todos" for ::1 at 2020-08-09 15:07:59 -0700

SyntaxError - syntax error, unexpected tIDENTIFIER, expecting end-of-input
$.ajax({
  ^~~~:
  app/controllers/api/todos_controller.rb:41:in `'

Started POST "/api/todos" for ::1 at 2020-08-09 15:08:14 -0700
Processing by Api::TodosController#create as JSON
  Parameters: {"todo"=>{"title"=>"TRY SOME AJAX", "body"=>"WHY SO HARD", "done"=>"true"}}
  [1m[35m (0.2ms)[0m  [1m[35mBEGIN[0m
  ↳ app/controllers/api/todos_controller.rb:8
  [1m[36mTodo Create (1.7ms)[0m  [1m[32mINSERT INTO "todos" ("title", "body", "done", "created_at", "updated_at") VALUES ($1, $2, $3, $4, $5) RETURNING "id"[0m  [["title", "TRY SOME AJAX"], ["body", "WHY SO HARD"], ["done", true], ["created_at", "2020-08-09 22:08:14.653505"], ["updated_at", "2020-08-09 22:08:14.653505"]]
  ↳ app/controllers/api/todos_controller.rb:8
  [1m[35m (8.2ms)[0m  [1m[35mCOMMIT[0m
  ↳ app/controllers/api/todos_controller.rb:8
Completed 200 OK in 65ms (Views: 2.0ms | ActiveRecord: 42.1ms)


Started PATCH "/api/todos/1" for ::1 at 2020-08-09 15:10:57 -0700

SyntaxError - syntax error, unexpected tIDENTIFIER, expecting end-of-input
$.ajax({
  ^~~~:
  app/controllers/api/todos_controller.rb:56:in `'

Started GET "/" for ::1 at 2020-08-09 15:19:24 -0700
Processing by StaticPagesController#root as HTML
  Rendering static_pages/root.html.erb within layouts/application
  Rendered static_pages/root.html.erb within layouts/application (1.6ms)
Completed 200 OK in 1278ms (Views: 1277.4ms | ActiveRecord: 0.0ms)


Started GET "/" for ::1 at 2020-08-09 15:30:01 -0700
Processing by StaticPagesController#root as HTML
  Rendering static_pages/root.html.erb within layouts/application
  Rendered static_pages/root.html.erb within layouts/application (2.9ms)
Completed 200 OK in 199ms (Views: 199.0ms | ActiveRecord: 0.0ms)


Started GET "/" for ::1 at 2020-08-09 15:31:40 -0700
Processing by StaticPagesController#root as HTML
  Rendering static_pages/root.html.erb within layouts/application
  Rendered static_pages/root.html.erb within layouts/application (4.2ms)
Completed 200 OK in 1107ms (Views: 1103.2ms | ActiveRecord: 0.0ms)


Started GET "/api/todos" for ::1 at 2020-08-09 15:32:18 -0700
Processing by Api::TodosController#index as JSON
  [1m[36mTodo Load (1.9ms)[0m  [1m[34mSELECT "todos".* FROM "todos"[0m
  ↳ app/controllers/api/todos_controller.rb:16
Completed 200 OK in 37ms (Views: 12.3ms | ActiveRecord: 14.8ms)


Started GET "/" for ::1 at 2020-08-09 15:32:58 -0700
Processing by StaticPagesController#root as HTML
  Rendering static_pages/root.html.erb within layouts/application
  Rendered static_pages/root.html.erb within layouts/application (0.4ms)
Completed 200 OK in 672ms (Views: 672.1ms | ActiveRecord: 0.0ms)


Started GET "/api/todos" for ::1 at 2020-08-09 15:33:14 -0700
Processing by Api::TodosController#index as JSON
  [1m[36mTodo Load (0.3ms)[0m  [1m[34mSELECT "todos".* FROM "todos"[0m
  ↳ app/controllers/api/todos_controller.rb:16
Completed 200 OK in 4ms (Views: 3.4ms | ActiveRecord: 0.3ms)


Started GET "/api/todos" for ::1 at 2020-08-09 15:33:28 -0700
Processing by Api::TodosController#index as JSON
  [1m[36mTodo Load (0.3ms)[0m  [1m[34mSELECT "todos".* FROM "todos"[0m
  ↳ app/controllers/api/todos_controller.rb:16
Completed 200 OK in 3ms (Views: 2.2ms | ActiveRecord: 0.3ms)


Started GET "/api/todos" for ::1 at 2020-08-09 15:33:43 -0700
Processing by Api::TodosController#index as JSON
  [1m[36mTodo Load (1.0ms)[0m  [1m[34mSELECT "todos".* FROM "todos"[0m
  ↳ app/controllers/api/todos_controller.rb:16
Completed 200 OK in 5ms (Views: 4.1ms | ActiveRecord: 1.0ms)


Started GET "/" for ::1 at 2020-08-09 15:33:45 -0700
Processing by StaticPagesController#root as HTML
  Rendering static_pages/root.html.erb within layouts/application
  Rendered static_pages/root.html.erb within layouts/application (0.4ms)
Completed 200 OK in 659ms (Views: 659.1ms | ActiveRecord: 0.0ms)


Started GET "/api/todos" for ::1 at 2020-08-09 15:33:48 -0700
Processing by Api::TodosController#index as JSON
  [1m[36mTodo Load (5.4ms)[0m  [1m[34mSELECT "todos".* FROM "todos"[0m
  ↳ app/controllers/api/todos_controller.rb:16
Completed 200 OK in 9ms (Views: 2.9ms | ActiveRecord: 5.4ms)


Started GET "/" for ::1 at 2020-08-09 15:41:02 -0700
Processing by StaticPagesController#root as HTML
  Rendering static_pages/root.html.erb within layouts/application
  Rendered static_pages/root.html.erb within layouts/application (11.9ms)
Completed 200 OK in 982ms (Views: 977.9ms | ActiveRecord: 0.0ms)


Started GET "/api/todos" for ::1 at 2020-08-09 15:41:22 -0700
Processing by Api::TodosController#index as JSON
  [1m[36mTodo Load (1.1ms)[0m  [1m[34mSELECT "todos".* FROM "todos"[0m
  ↳ app/controllers/api/todos_controller.rb:16
Completed 200 OK in 9ms (Views: 7.4ms | ActiveRecord: 1.1ms)


Started GET "/" for ::1 at 2020-08-09 15:41:35 -0700
Processing by StaticPagesController#root as HTML
  Rendering static_pages/root.html.erb within layouts/application
  Rendered static_pages/root.html.erb within layouts/application (1.0ms)
Completed 200 OK in 671ms (Views: 670.4ms | ActiveRecord: 0.0ms)


Started GET "/api/todos" for ::1 at 2020-08-09 15:41:39 -0700
Processing by Api::TodosController#index as JSON
  [1m[36mTodo Load (0.3ms)[0m  [1m[34mSELECT "todos".* FROM "todos"[0m
  ↳ app/controllers/api/todos_controller.rb:16
Completed 200 OK in 2ms (Views: 1.7ms | ActiveRecord: 0.3ms)


Started GET "/" for ::1 at 2020-08-09 15:42:18 -0700
Processing by StaticPagesController#root as HTML
  Rendering static_pages/root.html.erb within layouts/application
  Rendered static_pages/root.html.erb within layouts/application (0.4ms)
Completed 200 OK in 80ms (Views: 79.5ms | ActiveRecord: 0.0ms)


Started GET "/api/todos" for ::1 at 2020-08-09 15:42:21 -0700
Processing by Api::TodosController#index as JSON
  [1m[36mTodo Load (0.3ms)[0m  [1m[34mSELECT "todos".* FROM "todos"[0m
  ↳ app/controllers/api/todos_controller.rb:16
Completed 200 OK in 4ms (Views: 3.3ms | ActiveRecord: 0.3ms)


